2019/01/31 00:08:16 version: 20190109
2019/01/31 00:08:16 initiating key derivation
2019/01/31 00:08:16 listening on: [::]:29900
2019/01/31 00:08:16 target: 127.0.0.1:23333
2019/01/31 00:08:16 encryption: none
2019/01/31 00:08:16 nodelay parameters: 0 30 2 1
2019/01/31 00:08:16 sndwnd: 512 rcvwnd: 512
2019/01/31 00:08:16 compression: true
2019/01/31 00:08:16 mtu: 1350
2019/01/31 00:08:16 datashard: 10 parityshard: 3
2019/01/31 00:08:16 acknodelay: false
2019/01/31 00:08:16 dscp: 0
2019/01/31 00:08:16 sockbuf: 4194304
2019/01/31 00:08:16 keepalive: 10
2019/01/31 00:08:16 snmplog: 
2019/01/31 00:08:16 snmpperiod: 60
2019/01/31 00:08:16 pprof: false
2019/01/31 00:08:16 quiet: false
2019/01/31 00:08:16 remote address: 101.229.86.125:53240
2019/01/31 00:08:30 remote address: 101.229.86.125:61920
2019/01/31 00:08:30 stream opened
2019/01/31 00:08:33 stream closed
2019/01/31 00:08:46 broken pipe
2019/01/31 00:11:19 version: 20190109
2019/01/31 00:11:19 initiating key derivation
2019/01/31 00:11:19 listening on: [::]:29901
2019/01/31 00:11:19 target: 127.0.0.1:1080
2019/01/31 00:11:19 encryption: none
2019/01/31 00:11:19 nodelay parameters: 0 30 2 1
2019/01/31 00:11:19 sndwnd: 512 rcvwnd: 512
2019/01/31 00:11:19 compression: true
2019/01/31 00:11:19 mtu: 1350
2019/01/31 00:11:19 datashard: 10 parityshard: 3
2019/01/31 00:11:19 acknodelay: false
2019/01/31 00:11:19 dscp: 0
2019/01/31 00:11:19 sockbuf: 4194304
2019/01/31 00:11:19 keepalive: 10
2019/01/31 00:11:19 snmplog: 
2019/01/31 00:11:19 snmpperiod: 60
2019/01/31 00:11:19 pprof: false
2019/01/31 00:11:19 quiet: false
2019/01/31 00:12:08 remote address: 101.229.86.125:65485
2019/01/31 00:12:08 dial tcp 127.0.0.1:1080: connect: connection refused
2019/01/31 00:12:09 dial tcp 127.0.0.1:1080: connect: connection refused
2019/01/31 00:12:09 dial tcp 127.0.0.1:1080: connect: connection refused
2019/01/31 00:12:10 dial tcp 127.0.0.1:1080: connect: connection refused
2019/01/31 00:12:10 dial tcp 127.0.0.1:1080: connect: connection refused
2019/01/31 00:12:10 dial tcp 127.0.0.1:1080: connect: connection refused
2019/01/31 00:12:10 dial tcp 127.0.0.1:1080: connect: connection refused
2019/01/31 00:12:10 dial tcp 127.0.0.1:1080: connect: connection refused
2019/01/31 00:12:10 dial tcp 127.0.0.1:1080: connect: connection refused
2019/01/31 00:12:10 dial tcp 127.0.0.1:1080: connect: connection refused
2019/01/31 00:12:10 dial tcp 127.0.0.1:1080: connect: connection refused
2019/01/31 00:12:10 dial tcp 127.0.0.1:1080: connect: connection refused
2019/01/31 00:12:10 dial tcp 127.0.0.1:1080: connect: connection refused
2019/01/31 00:12:10 dial tcp 127.0.0.1:1080: connect: connection refused
2019/01/31 00:12:10 dial tcp 127.0.0.1:1080: connect: connection refused
2019/01/31 00:12:10 dial tcp 127.0.0.1:1080: connect: connection refused
2019/01/31 00:12:10 dial tcp 127.0.0.1:1080: connect: connection refused
2019/01/31 00:12:10 dial tcp 127.0.0.1:1080: connect: connection refused
2019/01/31 00:12:10 dial tcp 127.0.0.1:1080: connect: connection refused
2019/01/31 00:12:13 dial tcp 127.0.0.1:1080: connect: connection refused
2019/01/31 00:12:13 dial tcp 127.0.0.1:1080: connect: connection refused
2019/01/31 00:12:13 dial tcp 127.0.0.1:1080: connect: connection refused
2019/01/31 00:12:13 dial tcp 127.0.0.1:1080: connect: connection refused
2019/01/31 00:12:13 dial tcp 127.0.0.1:1080: connect: connection refused
2019/01/31 00:12:17 dial tcp 127.0.0.1:1080: connect: connection refused
2019/01/31 00:12:17 dial tcp 127.0.0.1:1080: connect: connection refused
2019/01/31 00:12:17 dial tcp 127.0.0.1:1080: connect: connection refused
2019/01/31 00:12:17 dial tcp 127.0.0.1:1080: connect: connection refused
2019/01/31 00:12:17 dial tcp 127.0.0.1:1080: connect: connection refused
2019/01/31 00:12:23 dial tcp 127.0.0.1:1080: connect: connection refused
2019/01/31 00:12:23 dial tcp 127.0.0.1:1080: connect: connection refused
2019/01/31 00:12:23 dial tcp 127.0.0.1:1080: connect: connection refused
2019/01/31 00:12:23 dial tcp 127.0.0.1:1080: connect: connection refused
2019/01/31 00:12:23 dial tcp 127.0.0.1:1080: connect: connection refused
2019/01/31 00:12:30 broken pipe
2019/01/31 00:12:35 dial tcp 127.0.0.1:1080: connect: connection refused
2019/01/31 00:12:35 dial tcp 127.0.0.1:1080: connect: connection refused
2019/01/31 00:12:35 dial tcp 127.0.0.1:1080: connect: connection refused
2019/01/31 00:12:35 dial tcp 127.0.0.1:1080: connect: connection refused
2019/01/31 00:12:35 dial tcp 127.0.0.1:1080: connect: connection refused
2019/01/31 00:13:05 dial tcp 127.0.0.1:1080: connect: connection refused
2019/01/31 00:13:05 dial tcp 127.0.0.1:1080: connect: connection refused
2019/01/31 00:13:05 dial tcp 127.0.0.1:1080: connect: connection refused
2019/01/31 00:13:05 dial tcp 127.0.0.1:1080: connect: connection refused
2019/01/31 00:13:05 dial tcp 127.0.0.1:1080: connect: connection refused
2019/01/31 00:13:42 version: 20190109
2019/01/31 00:13:42 initiating key derivation
2019/01/31 00:13:43 listening on: [::]:29901
2019/01/31 00:13:43 target: 127.0.0.1:9527
2019/01/31 00:13:43 encryption: none
2019/01/31 00:13:43 nodelay parameters: 0 30 2 1
2019/01/31 00:13:43 sndwnd: 512 rcvwnd: 512
2019/01/31 00:13:43 compression: true
2019/01/31 00:13:43 mtu: 1350
2019/01/31 00:13:43 datashard: 10 parityshard: 3
2019/01/31 00:13:43 acknodelay: false
2019/01/31 00:13:43 dscp: 0
2019/01/31 00:13:43 sockbuf: 4194304
2019/01/31 00:13:43 keepalive: 10
2019/01/31 00:13:43 snmplog: 
2019/01/31 00:13:43 snmpperiod: 60
2019/01/31 00:13:43 pprof: false
2019/01/31 00:13:43 quiet: false
2019/01/31 00:13:43 remote address: 101.229.86.125:65485
2019/01/31 00:14:13 broken pipe
2019/01/31 00:14:28 remote address: 101.229.86.125:57129
2019/01/31 00:14:28 stream opened
2019/01/31 00:14:28 stream closed
2019/01/31 00:30:05 remote address: 101.229.86.125:54509
2019/01/31 00:30:14 stream opened
2019/01/31 00:30:19 stream closed
2019/01/31 00:30:33 stream opened
2019/01/31 00:32:05 broken pipe
2019/01/31 00:32:05 stream closed
2019/01/31 00:32:05 remote address: 101.229.86.125:64024
2019/01/31 00:32:11 stream opened
2019/01/31 01:04:31 stream opened
2019/01/31 01:04:34 stream closed
2019/01/31 01:05:11 stream opened
2019/01/31 01:23:50 version: 20190109
2019/01/31 01:23:50 initiating key derivation
2019/01/31 01:23:50 version: 20190109
2019/01/31 01:23:50 initiating key derivation
2019/01/31 01:23:50 listening on: [::]:29900
2019/01/31 01:23:50 target: 127.0.0.1:23333
2019/01/31 01:23:50 encryption: none
2019/01/31 01:23:50 nodelay parameters: 0 30 2 1
2019/01/31 01:23:50 sndwnd: 512 rcvwnd: 512
2019/01/31 01:23:50 compression: true
2019/01/31 01:23:50 mtu: 1350
2019/01/31 01:23:50 datashard: 10 parityshard: 3
2019/01/31 01:23:50 acknodelay: false
2019/01/31 01:23:50 dscp: 0
2019/01/31 01:23:50 sockbuf: 4194304
2019/01/31 01:23:50 keepalive: 10
2019/01/31 01:23:50 snmplog: 
2019/01/31 01:23:50 snmpperiod: 60
2019/01/31 01:23:50 pprof: false
2019/01/31 01:23:50 quiet: false
2019/01/31 01:23:50 listening on: [::]:29901
2019/01/31 01:23:50 target: 127.0.0.1:9527
2019/01/31 01:23:50 encryption: none
2019/01/31 01:23:50 nodelay parameters: 0 30 2 1
2019/01/31 01:23:50 sndwnd: 512 rcvwnd: 512
2019/01/31 01:23:50 compression: true
2019/01/31 01:23:50 mtu: 1350
2019/01/31 01:23:50 datashard: 10 parityshard: 3
2019/01/31 01:23:50 acknodelay: false
2019/01/31 01:23:50 dscp: 0
2019/01/31 01:23:50 sockbuf: 4194304
2019/01/31 01:23:50 keepalive: 10
2019/01/31 01:23:50 snmplog: 
2019/01/31 01:23:50 snmpperiod: 60
2019/01/31 01:23:50 pprof: false
2019/01/31 01:23:50 quiet: false
2019/01/31 01:25:16 remote address: 101.229.86.125:61776
2019/01/31 01:25:16 stream opened
2019/01/31 01:25:19 stream closed
2019/01/31 01:32:25 remote address: 101.229.86.125:65364
2019/01/31 01:32:25 stream opened
2019/01/31 01:32:28 remote address: 101.229.86.125:54178
2019/01/31 01:32:37 stream opened
2019/01/31 01:32:46 broken pipe
2019/01/31 01:32:53 stream opened
2019/01/31 01:32:53 stream opened
2019/01/31 01:32:53 stream opened
2019/01/31 01:33:04 stream closed
2019/01/31 01:33:04 stream closed
2019/01/31 01:33:04 stream opened
2019/01/31 01:33:09 stream opened
2019/01/31 01:33:09 stream opened
2019/01/31 01:33:09 stream opened
2019/01/31 01:33:10 stream opened
2019/01/31 01:33:10 stream opened
2019/01/31 01:33:13 stream opened
2019/01/31 01:33:14 stream opened
2019/01/31 01:33:15 stream opened
2019/01/31 01:33:16 stream opened
2019/01/31 01:33:32 stream closed
2019/01/31 01:33:32 stream closed
2019/01/31 01:33:32 stream closed
2019/01/31 01:33:32 stream opened
2019/01/31 01:33:32 stream opened
2019/01/31 01:33:32 stream opened
2019/01/31 01:33:33 stream opened
2019/01/31 01:33:33 stream opened
2019/01/31 01:33:33 stream opened
2019/01/31 01:33:38 stream opened
2019/01/31 01:33:39 stream opened
2019/01/31 01:33:48 stream opened
2019/01/31 01:33:48 stream opened
2019/01/31 01:33:49 stream opened
2019/01/31 01:34:17 stream closed
2019/01/31 01:34:18 stream opened
2019/01/31 01:34:22 stream opened
2019/01/31 01:36:49 stream closed
2019/01/31 01:37:10 stream closed
2019/01/31 01:37:10 stream closed
2019/01/31 01:37:11 stream closed
2019/01/31 01:37:15 stream closed
2019/01/31 01:37:16 stream closed
2019/01/31 01:37:32 stream closed
2019/01/31 01:37:33 stream closed
2019/01/31 01:37:33 stream closed
2019/01/31 01:37:33 stream closed
2019/01/31 01:37:39 stream closed
2019/01/31 01:37:45 stream closed
2019/01/31 01:37:45 stream closed
2019/01/31 01:37:52 stream closed
2019/01/31 01:37:56 stream opened
2019/01/31 01:37:59 stream closed
2019/01/31 01:38:09 stream closed
2019/01/31 01:38:09 stream opened
2019/01/31 01:38:18 stream closed
2019/01/31 01:38:22 stream closed
2019/01/31 01:38:59 stream closed
2019/01/31 01:39:00 stream opened
2019/01/31 01:39:50 stream opened
2019/01/31 01:39:50 stream opened
2019/01/31 01:39:50 stream opened
2019/01/31 01:39:50 stream opened
2019/01/31 01:39:50 stream opened
2019/01/31 01:39:51 stream opened
2019/01/31 01:41:08 stream closed
2019/01/31 01:41:08 stream closed
2019/01/31 01:41:08 stream closed
2019/01/31 01:41:08 stream closed
2019/01/31 01:41:08 stream closed
2019/01/31 01:41:08 stream opened
2019/01/31 01:41:09 stream opened
2019/01/31 01:41:40 stream closed
2019/01/31 01:41:40 stream opened
2019/01/31 01:41:44 stream opened
2019/01/31 01:41:44 stream opened
2019/01/31 01:41:45 stream opened
2019/01/31 01:41:47 stream opened
2019/01/31 01:41:49 stream opened
2019/01/31 01:41:57 stream closed
2019/01/31 01:41:57 stream closed
2019/01/31 01:41:57 stream opened
2019/01/31 01:41:57 stream opened
2019/01/31 01:41:57 stream opened
2019/01/31 01:42:03 stream closed
2019/01/31 01:42:03 stream opened
2019/01/31 01:42:08 stream closed
2019/01/31 01:42:08 stream closed
2019/01/31 01:42:08 stream closed
2019/01/31 01:42:08 stream opened
2019/01/31 01:42:08 stream opened
2019/01/31 01:42:08 stream opened
2019/01/31 01:42:33 stream closed
2019/01/31 01:42:33 stream closed
2019/01/31 01:42:33 stream closed
2019/01/31 01:42:33 stream opened
2019/01/31 01:42:42 stream opened
2019/01/31 01:42:43 stream opened
2019/01/31 01:42:43 stream opened
2019/01/31 01:42:44 stream closed
2019/01/31 01:42:44 stream opened
2019/01/31 01:42:44 stream opened
2019/01/31 01:42:45 stream opened
2019/01/31 01:42:45 stream opened
2019/01/31 01:42:48 stream opened
2019/01/31 01:42:51 stream closed
2019/01/31 01:42:59 stream opened
2019/01/31 01:43:00 stream opened
2019/01/31 01:43:05 stream opened
2019/01/31 01:43:06 stream opened
2019/01/31 01:43:16 stream closed
2019/01/31 01:43:16 stream opened
2019/01/31 01:43:17 stream opened
2019/01/31 01:43:17 stream opened
2019/01/31 01:43:21 stream opened
2019/01/31 01:43:44 stream closed
2019/01/31 01:43:44 stream closed
2019/01/31 01:43:46 stream closed
2019/01/31 01:43:51 stream closed
2019/01/31 01:43:51 stream closed
2019/01/31 01:43:55 stream opened
2019/01/31 01:44:09 stream closed
2019/01/31 01:44:58 stream closed
2019/01/31 01:45:14 stream opened
2019/01/31 01:46:00 stream opened
2019/01/31 01:46:07 stream closed
2019/01/31 01:46:07 stream closed
2019/01/31 01:46:15 stream opened
2019/01/31 01:46:25 stream closed
2019/01/31 01:46:25 stream opened
2019/01/31 01:46:26 stream opened
2019/01/31 01:46:32 stream closed
2019/01/31 01:46:49 stream closed
2019/01/31 01:47:00 stream closed
2019/01/31 01:47:00 stream closed
2019/01/31 01:47:06 stream closed
2019/01/31 01:47:06 stream closed
2019/01/31 01:47:06 stream closed
2019/01/31 01:47:07 stream closed
2019/01/31 01:47:18 stream closed
2019/01/31 01:47:22 stream closed
2019/01/31 01:47:43 stream closed
2019/01/31 01:47:43 stream opened
2019/01/31 01:47:53 stream closed
2019/01/31 01:47:53 stream closed
2019/01/31 01:48:17 stream closed
2019/01/31 01:48:27 stream closed
2019/01/31 01:48:28 stream opened
2019/01/31 01:48:56 stream closed
2019/01/31 01:49:15 stream closed
2019/01/31 01:50:00 stream closed
2019/01/31 01:50:00 stream closed
2019/01/31 01:50:15 stream closed
2019/01/31 01:50:42 stream closed
2019/01/31 01:50:43 stream closed
2019/01/31 01:51:15 stream opened
2019/01/31 01:51:15 stream opened
2019/01/31 01:51:47 stream opened
2019/01/31 01:53:36 stream closed
2019/01/31 01:53:36 stream opened
2019/01/31 01:54:36 stream opened
2019/01/31 01:55:16 stream closed
2019/01/31 01:55:19 stream closed
2019/01/31 01:55:47 stream closed
2019/01/31 01:56:10 stream opened
2019/01/31 01:56:36 stream opened
2019/01/31 01:56:46 stream opened
2019/01/31 01:58:27 stream opened
2019/01/31 01:58:28 stream closed
2019/01/31 01:58:28 stream opened
2019/01/31 01:58:29 stream closed
2019/01/31 01:58:29 stream opened
2019/01/31 01:58:31 stream closed
2019/01/31 01:58:41 stream closed
2019/01/31 01:58:41 stream opened
2019/01/31 01:59:54 stream closed
2019/01/31 02:00:09 stream opened
2019/01/31 02:00:10 stream closed
2019/01/31 02:00:17 stream opened
2019/01/31 02:00:37 stream closed
2019/01/31 02:00:47 stream closed
2019/01/31 02:02:15 stream closed
2019/01/31 02:02:53 stream opened
2019/01/31 02:03:48 stream closed
2019/01/31 02:03:48 stream opened
2019/01/31 02:04:10 stream closed
2019/01/31 02:04:23 stream opened
2019/01/31 02:06:54 stream closed
2019/01/31 02:07:28 stream closed
2019/01/31 02:07:57 stream opened
2019/01/31 02:08:23 stream closed
2019/01/31 02:08:53 stream closed
2019/01/31 02:08:53 stream opened
2019/01/31 02:12:38 stream opened
2019/01/31 02:12:54 stream closed
2019/01/31 02:13:54 stream closed
2019/01/31 02:13:55 stream opened
2019/01/31 02:14:32 stream opened
2019/01/31 02:14:49 stream opened
2019/01/31 02:16:00 stream opened
2019/01/31 02:16:01 stream opened
2019/01/31 02:16:21 stream opened
2019/01/31 02:16:22 stream opened
2019/01/31 02:16:22 stream opened
2019/01/31 02:16:38 stream closed
2019/01/31 02:18:49 stream closed
2019/01/31 02:18:55 broken pipe
2019/01/31 02:18:55 stream closed
2019/01/31 02:18:55 stream closed
2019/01/31 02:18:55 stream closed
2019/01/31 02:18:55 stream closed
2019/01/31 02:18:55 stream closed
2019/01/31 02:18:55 stream closed
2019/01/31 02:18:55 stream closed
2019/01/31 02:18:58 broken pipe
2019/01/31 02:21:17 remote address: 101.229.86.125:51828
2019/01/31 02:21:17 stream opened
2019/01/31 02:26:18 stream closed
2019/01/31 02:26:18 stream opened
2019/01/31 02:26:46 stream opened
2019/01/31 02:27:06 stream opened
2019/01/31 02:28:38 stream opened
2019/01/31 02:29:16 stream opened
2019/01/31 02:30:47 stream closed
2019/01/31 02:31:07 stream closed
2019/01/31 02:31:27 stream closed
2019/01/31 02:31:27 stream opened
2019/01/31 02:32:39 stream closed
2019/01/31 02:32:59 stream opened
2019/01/31 02:33:01 stream opened
2019/01/31 02:33:16 stream closed
2019/01/31 02:33:21 stream opened
2019/01/31 02:33:21 stream opened
2019/01/31 02:33:56 stream opened
2019/01/31 02:35:14 stream opened
2019/01/31 02:35:14 stream opened
2019/01/31 02:36:36 stream closed
2019/01/31 02:36:36 stream opened
2019/01/31 02:36:51 stream opened
2019/01/31 02:37:21 stream closed
2019/01/31 02:37:22 stream closed
2019/01/31 02:37:57 stream closed
2019/01/31 02:38:37 stream closed
2019/01/31 02:39:14 stream closed
2019/01/31 02:39:18 stream closed
2019/01/31 02:39:56 stream closed
2019/01/31 02:40:51 stream closed
2019/01/31 02:41:23 stream opened
2019/01/31 02:41:45 stream closed
2019/01/31 02:41:47 stream opened
2019/01/31 02:45:24 stream closed
2019/01/31 02:46:54 stream closed
2019/01/31 02:46:54 stream opened
2019/01/31 02:47:39 stream opened
2019/01/31 02:48:29 stream opened
2019/01/31 02:48:43 stream opened
2019/01/31 02:49:10 stream opened
2019/01/31 02:49:24 stream opened
2019/01/31 02:51:39 stream closed
2019/01/31 02:51:42 stream opened
2019/01/31 02:51:42 stream opened
2019/01/31 02:51:42 stream opened
2019/01/31 02:51:43 stream opened
2019/01/31 02:51:46 stream opened
2019/01/31 02:51:46 stream opened
2019/01/31 02:51:46 stream opened
2019/01/31 02:51:46 stream opened
2019/01/31 02:51:46 stream opened
2019/01/31 02:51:46 stream opened
2019/01/31 02:51:46 stream opened
2019/01/31 02:51:49 stream opened
2019/01/31 02:51:52 stream opened
2019/01/31 02:51:52 stream opened
2019/01/31 02:52:00 stream closed
2019/01/31 02:52:01 stream opened
2019/01/31 02:52:30 stream closed
2019/01/31 02:52:45 stream closed
2019/01/31 02:53:25 stream closed
2019/01/31 02:55:42 stream closed
2019/01/31 02:55:42 stream closed
2019/01/31 02:55:44 stream closed
2019/01/31 02:55:46 stream closed
2019/01/31 02:55:46 stream closed
2019/01/31 02:55:46 stream closed
2019/01/31 02:55:47 stream closed
2019/01/31 02:55:47 stream closed
2019/01/31 02:55:47 stream closed
2019/01/31 02:55:49 stream closed
2019/01/31 02:55:52 stream closed
2019/01/31 02:55:52 stream closed
2019/01/31 02:55:52 stream closed
2019/01/31 02:56:01 stream closed
2019/01/31 02:56:12 stream closed
2019/01/31 02:56:59 stream opened
2019/01/31 02:57:09 stream closed
2019/01/31 02:57:10 stream opened
2019/01/31 02:57:36 stream opened
2019/01/31 02:58:38 stream opened
2019/01/31 02:58:58 stream opened
2019/01/31 03:00:47 broken pipe
2019/01/31 03:00:47 stream closed
2019/01/31 03:00:47 stream closed
2019/01/31 03:00:47 stream closed
2019/01/31 03:00:47 stream closed
2019/01/31 03:00:47 stream closed
2019/01/31 03:03:18 remote address: 101.229.86.125:54190
2019/01/31 03:03:18 stream opened
2019/01/31 03:03:37 stream opened
2019/01/31 03:04:48 broken pipe
2019/01/31 03:04:48 stream closed
2019/01/31 03:04:48 stream closed
2019/01/31 03:07:11 remote address: 101.229.86.125:54932
2019/01/31 03:07:11 stream opened
2019/01/31 03:07:11 stream opened
2019/01/31 03:10:57 stream opened
2019/01/31 03:10:58 stream opened
2019/01/31 03:11:12 stream closed
2019/01/31 03:11:23 stream opened
2019/01/31 03:11:58 stream closed
2019/01/31 03:12:18 stream closed
2019/01/31 03:12:18 stream opened
2019/01/31 03:13:38 stream opened
2019/01/31 03:13:58 stream opened
2019/01/31 03:15:23 stream closed
2019/01/31 03:16:03 stream closed
2019/01/31 03:17:27 stream closed
2019/01/31 03:17:27 stream opened
2019/01/31 03:17:39 stream closed
2019/01/31 03:18:01 stream opened
2019/01/31 03:18:29 stream opened
2019/01/31 03:18:43 stream opened
2019/01/31 03:20:56 stream closed
2019/01/31 03:21:34 stream opened
2019/01/31 03:21:35 stream opened
2019/01/31 03:21:36 stream opened
2019/01/31 03:21:36 stream opened
2019/01/31 03:21:36 stream opened
2019/01/31 03:21:36 stream opened
2019/01/31 03:21:36 stream opened
2019/01/31 03:21:36 stream opened
2019/01/31 03:21:36 stream opened
2019/01/31 03:21:36 stream opened
2019/01/31 03:21:38 stream opened
2019/01/31 03:21:38 stream opened
2019/01/31 03:21:47 stream opened
2019/01/31 03:21:52 stream closed
2019/01/31 03:21:52 stream closed
2019/01/31 03:22:02 stream closed
2019/01/31 03:22:06 stream opened
2019/01/31 03:22:06 stream opened
2019/01/31 03:22:06 stream opened
2019/01/31 03:22:29 stream closed
2019/01/31 03:22:29 stream closed
2019/01/31 03:22:30 stream opened
2019/01/31 03:22:37 stream closed
2019/01/31 03:22:37 stream closed
2019/01/31 03:22:37 stream closed
2019/01/31 03:22:44 stream closed
2019/01/31 03:23:06 stream closed
2019/01/31 03:23:07 stream closed
2019/01/31 03:23:12 stream closed
2019/01/31 03:23:43 stream closed
2019/01/31 03:24:00 stream closed
2019/01/31 03:26:16 stream closed
2019/01/31 03:26:58 stream closed
2019/01/31 03:27:08 stream closed
2019/01/31 03:27:08 stream closed
2019/01/31 03:27:38 stream closed
2019/01/31 03:27:39 stream opened
2019/01/31 03:28:07 stream opened
2019/01/31 03:28:10 stream opened
2019/01/31 03:28:20 stream opened
2019/01/31 03:28:20 stream opened
2019/01/31 03:28:20 stream opened
2019/01/31 03:28:20 stream opened
2019/01/31 03:28:20 stream opened
2019/01/31 03:28:20 stream opened
2019/01/31 03:28:25 stream closed
2019/01/31 03:28:25 stream opened
2019/01/31 03:28:25 stream opened
2019/01/31 03:28:25 stream opened
2019/01/31 03:28:26 stream opened
2019/01/31 03:28:30 stream opened
2019/01/31 03:28:38 stream opened
2019/01/31 03:29:16 stream closed
2019/01/31 03:29:16 stream opened
2019/01/31 03:29:16 stream opened
2019/01/31 03:29:16 stream opened
2019/01/31 03:29:16 stream opened
2019/01/31 03:29:17 stream opened
2019/01/31 03:29:25 stream closed
2019/01/31 03:29:52 stream closed
2019/01/31 03:29:52 stream opened
2019/01/31 03:29:58 stream closed
2019/01/31 03:29:58 stream opened
2019/01/31 03:30:03 stream opened
2019/01/31 03:30:12 stream opened
2019/01/31 03:30:17 stream opened
2019/01/31 03:30:17 stream opened
2019/01/31 03:30:58 stream closed
2019/01/31 03:30:59 stream closed
2019/01/31 03:31:17 stream closed
2019/01/31 03:31:17 stream closed
2019/01/31 03:31:17 stream closed
2019/01/31 03:31:18 stream closed
2019/01/31 03:31:19 stream closed
2019/01/31 03:31:24 stream closed
2019/01/31 03:32:08 stream closed
2019/01/31 03:32:21 stream opened
2019/01/31 03:32:23 stream opened
2019/01/31 03:32:23 stream opened
2019/01/31 03:32:26 stream closed
2019/01/31 03:32:37 stream closed
2019/01/31 03:32:39 stream closed
2019/01/31 03:32:52 stream closed
2019/01/31 03:32:52 stream opened
2019/01/31 03:32:58 stream opened
2019/01/31 03:32:58 stream opened
2019/01/31 03:32:59 stream opened
2019/01/31 03:32:59 stream opened
2019/01/31 03:33:00 stream opened
2019/01/31 03:33:00 stream opened
2019/01/31 03:33:04 stream opened
2019/01/31 03:33:06 stream opened
2019/01/31 03:33:08 stream opened
2019/01/31 03:33:08 stream opened
2019/01/31 03:33:08 stream opened
2019/01/31 03:33:08 stream opened
2019/01/31 03:33:08 stream opened
2019/01/31 03:33:08 stream opened
2019/01/31 03:33:09 stream opened
2019/01/31 03:33:09 stream opened
2019/01/31 03:33:11 stream opened
2019/01/31 03:33:13 stream opened
2019/01/31 03:33:23 stream closed
2019/01/31 03:33:23 stream closed
2019/01/31 03:33:29 stream closed
2019/01/31 03:33:43 stream closed
2019/01/31 03:33:43 stream opened
2019/01/31 03:34:15 stream closed
2019/01/31 03:34:21 stream closed
2019/01/31 03:34:21 stream closed
2019/01/31 03:34:21 stream opened
2019/01/31 03:34:44 stream closed
2019/01/31 03:34:54 stream closed
2019/01/31 03:35:04 stream closed
2019/01/31 03:35:14 stream closed
2019/01/31 03:35:28 stream opened
2019/01/31 03:36:23 stream closed
2019/01/31 03:36:51 stream opened
2019/01/31 03:36:59 stream closed
2019/01/31 03:36:59 stream closed
2019/01/31 03:36:59 stream closed
2019/01/31 03:37:00 stream closed
2019/01/31 03:37:06 stream closed
2019/01/31 03:37:09 stream closed
2019/01/31 03:37:09 stream closed
2019/01/31 03:37:09 stream closed
2019/01/31 03:37:10 stream closed
2019/01/31 03:37:11 stream closed
2019/01/31 03:37:12 stream closed
2019/01/31 03:37:13 stream closed
2019/01/31 03:37:24 stream closed
2019/01/31 03:37:39 stream closed
2019/01/31 03:37:54 stream closed
2019/01/31 03:37:54 stream opened
2019/01/31 03:38:14 stream opened
2019/01/31 03:38:15 stream closed
2019/01/31 03:38:15 stream closed
2019/01/31 03:38:15 stream closed
2019/01/31 03:38:22 stream closed
2019/01/31 03:40:18 stream opened
2019/01/31 03:40:19 stream opened
2019/01/31 03:40:19 stream opened
2019/01/31 03:40:19 stream opened
2019/01/31 03:40:19 stream opened
2019/01/31 03:40:20 stream opened
2019/01/31 03:40:20 stream opened
2019/01/31 03:40:22 stream opened
2019/01/31 03:40:23 stream opened
2019/01/31 03:40:23 stream opened
2019/01/31 03:40:23 stream opened
2019/01/31 03:40:23 stream opened
2019/01/31 03:40:23 stream opened
2019/01/31 03:40:25 stream opened
2019/01/31 03:40:25 stream opened
2019/01/31 03:40:25 stream opened
2019/01/31 03:40:25 stream opened
2019/01/31 03:40:25 stream opened
2019/01/31 03:40:25 stream opened
2019/01/31 03:40:25 stream opened
2019/01/31 03:40:25 stream opened
2019/01/31 03:40:25 stream opened
2019/01/31 03:40:29 stream closed
2019/01/31 03:40:30 stream closed
2019/01/31 03:40:33 stream opened
2019/01/31 03:40:33 stream opened
2019/01/31 03:40:36 stream closed
2019/01/31 03:40:36 stream closed
2019/01/31 03:40:37 stream closed
2019/01/31 03:40:37 stream opened
2019/01/31 03:40:41 stream closed
2019/01/31 03:40:42 stream opened
2019/01/31 03:40:45 stream closed
2019/01/31 03:40:45 stream closed
2019/01/31 03:40:45 stream opened
2019/01/31 03:40:52 stream closed
2019/01/31 03:41:23 stream opened
2019/01/31 03:41:42 stream closed
2019/01/31 03:41:42 stream closed
2019/01/31 03:41:42 stream closed
2019/01/31 03:41:48 stream closed
2019/01/31 03:42:15 stream closed
2019/01/31 03:42:57 stream closed
2019/01/31 03:42:57 stream opened
2019/01/31 03:43:52 stream opened
2019/01/31 03:44:19 stream closed
2019/01/31 03:44:20 stream closed
2019/01/31 03:44:21 stream closed
2019/01/31 03:44:22 stream closed
2019/01/31 03:44:46 stream closed
2019/01/31 03:44:48 stream closed
2019/01/31 03:45:24 stream closed
2019/01/31 03:45:32 stream closed
2019/01/31 03:45:32 stream closed
2019/01/31 03:45:32 stream closed
2019/01/31 03:45:32 stream closed
2019/01/31 03:45:32 stream closed
2019/01/31 03:45:32 stream closed
2019/01/31 03:45:32 stream closed
2019/01/31 03:45:42 stream closed
2019/01/31 03:45:42 stream closed
2019/01/31 03:45:48 stream opened
2019/01/31 03:45:58 stream closed
2019/01/31 03:46:00 stream opened
2019/01/31 03:46:00 stream opened
2019/01/31 03:46:00 stream opened
2019/01/31 03:46:01 stream opened
2019/01/31 03:46:02 stream opened
2019/01/31 03:46:03 stream opened
2019/01/31 03:46:04 stream opened
2019/01/31 03:46:04 stream opened
2019/01/31 03:46:04 stream opened
2019/01/31 03:46:04 stream opened
2019/01/31 03:46:04 stream opened
2019/01/31 03:46:06 stream opened
2019/01/31 03:46:06 stream opened
2019/01/31 03:46:06 stream opened
2019/01/31 03:46:06 stream opened
2019/01/31 03:46:06 stream opened
2019/01/31 03:46:06 stream opened
2019/01/31 03:46:06 stream opened
2019/01/31 03:46:06 stream opened
2019/01/31 03:46:06 stream opened
2019/01/31 03:46:11 stream closed
2019/01/31 03:46:12 stream opened
2019/01/31 03:46:12 stream opened
2019/01/31 03:46:12 stream opened
2019/01/31 03:47:12 stream closed
2019/01/31 03:47:12 stream closed
2019/01/31 03:47:12 stream closed
2019/01/31 03:47:12 stream closed
2019/01/31 03:47:12 stream closed
2019/01/31 03:47:12 stream closed
2019/01/31 03:47:18 stream closed
2019/01/31 03:47:55 stream opened
2019/01/31 03:48:06 stream closed
2019/01/31 03:48:06 stream opened
2019/01/31 03:48:29 stream opened
2019/01/31 03:48:43 stream opened
2019/01/31 03:49:23 stream opened
2019/01/31 03:49:49 stream closed
2019/01/31 03:50:00 stream closed
2019/01/31 03:50:01 stream closed
2019/01/31 03:50:02 stream closed
2019/01/31 03:50:03 stream closed
2019/01/31 03:50:15 stream closed
2019/01/31 03:50:31 stream closed
2019/01/31 03:50:31 stream opened
2019/01/31 03:50:32 stream opened
2019/01/31 03:50:32 stream opened
2019/01/31 03:50:33 stream opened
2019/01/31 03:50:33 stream opened
2019/01/31 03:50:33 stream opened
2019/01/31 03:50:33 stream opened
2019/01/31 03:50:33 stream opened
2019/01/31 03:50:33 stream opened
2019/01/31 03:50:33 stream opened
2019/01/31 03:50:34 stream opened
2019/01/31 03:50:35 stream opened
2019/01/31 03:50:51 stream opened
2019/01/31 03:51:12 stream closed
2019/01/31 03:51:12 stream closed
2019/01/31 03:51:12 stream closed
2019/01/31 03:51:12 stream closed
2019/01/31 03:51:12 stream closed
2019/01/31 03:51:12 stream closed
2019/01/31 03:51:12 stream closed
2019/01/31 03:51:12 stream closed
2019/01/31 03:51:12 stream closed
2019/01/31 03:51:27 stream opened
2019/01/31 03:51:27 stream closed
2019/01/31 03:51:38 stream opened
2019/01/31 03:51:38 stream opened
2019/01/31 03:51:52 stream closed
2019/01/31 03:51:56 stream closed
2019/01/31 03:52:07 stream closed
2019/01/31 03:52:07 stream closed
2019/01/31 03:52:29 stream closed
2019/01/31 03:52:44 stream closed
2019/01/31 03:52:46 stream opened
2019/01/31 03:52:47 stream closed
2019/01/31 03:52:53 stream opened
2019/01/31 03:52:53 stream opened
2019/01/31 03:52:56 stream closed
2019/01/31 03:52:56 stream closed
2019/01/31 03:53:01 stream opened
2019/01/31 03:53:02 stream opened
2019/01/31 03:53:12 stream closed
2019/01/31 03:53:13 stream opened
2019/01/31 03:53:16 stream closed
2019/01/31 03:53:16 stream closed
2019/01/31 03:53:37 stream opened
2019/01/31 03:53:37 stream opened
2019/01/31 03:53:42 stream closed
2019/01/31 03:53:42 stream closed
2019/01/31 03:53:46 stream closed
2019/01/31 03:53:46 stream closed
2019/01/31 03:53:46 stream closed
2019/01/31 03:53:46 stream closed
2019/01/31 03:53:46 stream opened
2019/01/31 03:53:50 stream opened
2019/01/31 03:53:50 stream opened
2019/01/31 03:53:50 stream closed
2019/01/31 03:53:50 stream closed
2019/01/31 03:54:12 stream opened
2019/01/31 03:54:13 stream opened
2019/01/31 03:54:15 stream closed
2019/01/31 03:54:15 stream closed
2019/01/31 03:54:32 stream closed
2019/01/31 03:54:32 stream closed
2019/01/31 03:54:33 stream closed
2019/01/31 03:54:33 stream closed
2019/01/31 03:54:34 stream closed
2019/01/31 03:54:34 stream closed
2019/01/31 03:54:34 stream closed
2019/01/31 03:54:38 stream opened
2019/01/31 03:54:42 stream closed
2019/01/31 03:54:47 stream closed
2019/01/31 03:54:53 stream opened
2019/01/31 03:54:53 stream opened
2019/01/31 03:54:53 stream opened
2019/01/31 03:54:53 stream opened
2019/01/31 03:54:54 stream opened
2019/01/31 03:54:54 stream opened
2019/01/31 03:54:54 stream closed
2019/01/31 03:54:54 stream opened
2019/01/31 03:54:54 stream opened
2019/01/31 03:54:55 stream opened
2019/01/31 03:54:55 stream opened
2019/01/31 03:54:56 stream opened
2019/01/31 03:55:05 stream closed
2019/01/31 03:55:05 stream opened
2019/01/31 03:55:11 stream opened
2019/01/31 03:55:11 stream opened
2019/01/31 03:55:11 stream opened
2019/01/31 03:55:11 stream opened
2019/01/31 03:55:43 stream closed
2019/01/31 03:55:44 stream opened
2019/01/31 03:55:54 stream opened
2019/01/31 03:56:17 stream closed
2019/01/31 03:56:17 stream closed
2019/01/31 03:56:44 stream closed
2019/01/31 03:56:44 stream closed
2019/01/31 03:56:44 stream closed
2019/01/31 03:56:44 stream closed
2019/01/31 03:56:44 stream closed
2019/01/31 03:56:46 stream closed
2019/01/31 03:56:52 stream closed
2019/01/31 03:57:38 stream closed
2019/01/31 03:57:47 stream closed
2019/01/31 03:58:07 stream opened
2019/01/31 03:58:19 stream closed
2019/01/31 03:58:19 stream opened
2019/01/31 03:58:38 stream opened
2019/01/31 03:58:56 stream opened
2019/01/31 03:58:57 stream opened
2019/01/31 03:58:59 stream closed
2019/01/31 03:58:59 stream closed
2019/01/31 03:59:11 stream closed
2019/01/31 03:59:53 stream closed
2019/01/31 03:59:58 stream opened
2019/01/31 03:59:59 stream opened
2019/01/31 04:00:04 stream closed
2019/01/31 04:00:04 stream closed
2019/01/31 04:00:04 stream closed
2019/01/31 04:00:54 stream closed
2019/01/31 04:01:59 stream closed
2019/01/31 04:02:08 stream closed
2019/01/31 04:02:39 stream closed
2019/01/31 04:03:28 stream closed
2019/01/31 04:03:28 stream opened
2019/01/31 04:06:51 stream opened
2019/01/31 04:07:29 stream opened
2019/01/31 04:07:31 stream opened
2019/01/31 04:07:31 stream opened
2019/01/31 04:07:31 stream opened
2019/01/31 04:07:31 stream opened
2019/01/31 04:07:31 stream opened
2019/01/31 04:07:39 stream closed
2019/01/31 04:07:39 stream opened
2019/01/31 04:07:40 stream closed
2019/01/31 04:07:40 stream opened
2019/01/31 04:07:40 stream opened
2019/01/31 04:07:40 stream opened
2019/01/31 04:07:40 stream opened
2019/01/31 04:07:40 stream opened
2019/01/31 04:07:40 stream opened
2019/01/31 04:07:40 stream opened
2019/01/31 04:07:40 stream opened
2019/01/31 04:07:40 stream opened
2019/01/31 04:07:45 stream closed
2019/01/31 04:07:45 stream opened
2019/01/31 04:07:46 stream opened
2019/01/31 04:07:49 stream opened
2019/01/31 04:08:32 stream closed
2019/01/31 04:08:33 stream opened
2019/01/31 04:08:37 stream closed
2019/01/31 04:08:37 stream closed
2019/01/31 04:08:37 stream closed
2019/01/31 04:08:37 stream closed
2019/01/31 04:08:40 stream closed
2019/01/31 04:08:40 stream closed
2019/01/31 04:08:40 stream closed
2019/01/31 04:08:40 stream closed
2019/01/31 04:08:40 stream closed
2019/01/31 04:08:45 stream closed
2019/01/31 04:08:46 stream closed
2019/01/31 04:08:50 stream closed
2019/01/31 04:08:56 stream closed
2019/01/31 04:10:52 stream closed
2019/01/31 04:10:54 stream opened
2019/01/31 04:10:55 stream closed
2019/01/31 04:11:24 stream opened
2019/01/31 04:12:02 stream closed
2019/01/31 04:12:02 stream opened
2019/01/31 04:12:19 stream opened
2019/01/31 04:12:29 stream closed
2019/01/31 04:12:35 stream closed
2019/01/31 04:12:41 stream closed
2019/01/31 04:12:41 stream opened
2019/01/31 04:12:43 stream opened
2019/01/31 04:12:43 stream opened
2019/01/31 04:12:45 stream closed
2019/01/31 04:12:45 stream closed
2019/01/31 04:12:45 stream opened
2019/01/31 04:12:45 stream opened
2019/01/31 04:12:45 stream opened
2019/01/31 04:12:46 stream opened
2019/01/31 04:12:46 stream opened
2019/01/31 04:12:46 stream opened
2019/01/31 04:12:46 stream opened
2019/01/31 04:12:46 stream opened
2019/01/31 04:12:46 stream opened
2019/01/31 04:12:46 stream opened
2019/01/31 04:12:46 stream opened
2019/01/31 04:12:48 stream closed
2019/01/31 04:12:48 stream opened
2019/01/31 04:12:48 stream closed
2019/01/31 04:12:48 stream closed
2019/01/31 04:12:48 stream closed
2019/01/31 04:12:48 stream closed
2019/01/31 04:12:48 stream opened
2019/01/31 04:12:48 stream closed
2019/01/31 04:12:48 stream opened
2019/01/31 04:12:48 stream opened
2019/01/31 04:12:59 stream closed
2019/01/31 04:12:59 stream closed
2019/01/31 04:12:59 stream closed
2019/01/31 04:13:46 stream closed
2019/01/31 04:13:46 stream opened
2019/01/31 04:13:49 stream closed
2019/01/31 04:14:00 stream closed
2019/01/31 04:14:10 stream closed
2019/01/31 04:14:10 stream closed
2019/01/31 04:14:15 stream closed
2019/01/31 04:14:40 stream opened
2019/01/31 04:14:48 stream closed
2019/01/31 04:15:01 stream opened
2019/01/31 04:15:02 stream opened
2019/01/31 04:15:02 stream opened
2019/01/31 04:15:02 stream opened
2019/01/31 04:15:19 stream opened
2019/01/31 04:15:19 stream opened
2019/01/31 04:15:20 stream opened
2019/01/31 04:15:20 stream opened
2019/01/31 04:15:24 stream opened
2019/01/31 04:15:24 stream closed
2019/01/31 04:15:26 stream opened
2019/01/31 04:15:30 stream opened
2019/01/31 04:15:30 stream opened
2019/01/31 04:15:31 stream opened
2019/01/31 04:15:38 stream opened
2019/01/31 04:15:38 stream opened
2019/01/31 04:15:39 stream opened
2019/01/31 04:15:41 stream opened
2019/01/31 04:15:42 stream opened
2019/01/31 04:15:43 stream opened
2019/01/31 04:15:43 stream opened
2019/01/31 04:15:43 stream opened
2019/01/31 04:15:48 stream opened
2019/01/31 04:15:51 stream closed
2019/01/31 04:15:51 stream closed
2019/01/31 04:15:51 stream opened
2019/01/31 04:15:53 stream opened
2019/01/31 04:15:53 stream opened
2019/01/31 04:15:54 stream opened
2019/01/31 04:15:54 stream opened
2019/01/31 04:15:55 stream opened
2019/01/31 04:15:55 stream opened
2019/01/31 04:16:02 stream closed
2019/01/31 04:16:03 stream closed
2019/01/31 04:16:03 stream closed
2019/01/31 04:16:08 stream closed
2019/01/31 04:16:54 stream closed
2019/01/31 04:17:00 stream closed
2019/01/31 04:17:00 stream closed
2019/01/31 04:17:02 stream closed
2019/01/31 04:17:05 stream opened
2019/01/31 04:17:07 stream closed
2019/01/31 04:17:42 stream opened
2019/01/31 04:17:43 stream opened
2019/01/31 04:17:44 stream opened
2019/01/31 04:17:53 stream closed
2019/01/31 04:17:53 stream closed
2019/01/31 04:17:53 stream closed
2019/01/31 04:18:05 stream opened
2019/01/31 04:18:29 stream opened
2019/01/31 04:18:43 stream opened
2019/01/31 04:18:44 stream closed
2019/01/31 04:18:44 stream closed
2019/01/31 04:18:50 stream closed
2019/01/31 04:18:58 stream closed
2019/01/31 04:18:58 stream closed
2019/01/31 04:18:58 stream opened
2019/01/31 04:19:20 stream closed
2019/01/31 04:19:20 stream closed
2019/01/31 04:19:25 stream closed
2019/01/31 04:19:31 stream closed
2019/01/31 04:19:32 stream closed
2019/01/31 04:19:38 stream closed
2019/01/31 04:19:39 stream closed
2019/01/31 04:19:40 stream opened
2019/01/31 04:19:42 stream closed
2019/01/31 04:19:43 stream closed
2019/01/31 04:19:43 stream closed
2019/01/31 04:19:49 stream closed
2019/01/31 04:19:52 stream closed
2019/01/31 04:19:53 stream closed
2019/01/31 04:19:54 stream closed
2019/01/31 04:19:55 stream closed
2019/01/31 04:19:55 stream closed
2019/01/31 04:20:40 stream closed
2019/01/31 04:20:42 remote address: 101.229.86.125:59446
2019/01/31 04:20:42 stream opened
2019/01/31 04:20:50 stream closed
2019/01/31 04:21:00 stream closed
2019/01/31 04:21:09 stream closed
2019/01/31 04:21:49 stream opened
2019/01/31 04:21:53 stream closed
2019/01/31 04:22:05 stream closed
2019/01/31 04:22:29 stream closed
2019/01/31 04:22:44 stream closed
2019/01/31 04:22:49 stream closed
2019/01/31 04:24:01 stream closed
2019/01/31 04:24:02 stream opened
2019/01/31 04:24:35 stream opened
2019/01/31 04:25:36 stream closed
2019/01/31 04:28:36 stream opened
2019/01/31 04:28:38 stream opened
2019/01/31 04:29:03 stream closed
2019/01/31 04:29:04 stream opened
2019/01/31 04:29:09 stream opened
2019/01/31 04:29:10 stream opened
2019/01/31 04:29:10 stream opened
2019/01/31 04:29:20 stream opened
2019/01/31 04:30:19 stream closed
2019/01/31 04:30:19 stream closed
2019/01/31 04:30:24 stream closed
2019/01/31 04:32:37 stream closed
2019/01/31 04:32:39 stream closed
2019/01/31 04:33:21 stream closed
2019/01/31 04:34:02 stream opened
2019/01/31 04:34:03 stream opened
2019/01/31 04:34:03 stream opened
2019/01/31 04:34:03 stream opened
2019/01/31 04:34:03 stream opened
2019/01/31 04:34:04 stream closed
2019/01/31 04:34:04 stream opened
2019/01/31 04:34:05 stream opened
2019/01/31 04:34:06 stream opened
2019/01/31 04:34:07 stream opened
2019/01/31 04:34:09 stream opened
2019/01/31 04:34:09 stream opened
2019/01/31 04:34:09 stream opened
2019/01/31 04:34:09 stream opened
2019/01/31 04:34:09 stream opened
2019/01/31 04:34:09 stream opened
2019/01/31 04:34:09 stream opened
2019/01/31 04:34:10 stream opened
2019/01/31 04:34:10 stream opened
2019/01/31 04:34:13 stream opened
2019/01/31 04:34:20 stream closed
2019/01/31 04:35:04 stream closed
2019/01/31 04:35:07 stream closed
2019/01/31 04:35:07 stream closed
2019/01/31 04:35:08 stream closed
2019/01/31 04:35:09 stream closed
2019/01/31 04:35:10 stream closed
2019/01/31 04:35:14 stream closed
2019/01/31 04:36:52 stream opened
2019/01/31 04:37:00 stream opened
2019/01/31 04:38:09 stream closed
2019/01/31 04:38:10 stream closed
2019/01/31 04:38:11 stream closed
2019/01/31 04:38:30 stream closed
2019/01/31 04:39:06 stream closed
2019/01/31 04:39:06 stream opened
2019/01/31 04:39:17 stream closed
2019/01/31 04:39:17 stream closed
2019/01/31 04:39:17 stream closed
2019/01/31 04:39:17 stream closed
2019/01/31 04:39:17 stream closed
2019/01/31 04:39:17 stream closed
2019/01/31 04:39:24 stream opened
2019/01/31 04:39:41 stream closed
2019/01/31 04:40:05 stream opened
2019/01/31 04:40:05 stream opened
2019/01/31 04:40:16 stream closed
2019/01/31 04:40:36 stream opened
2019/01/31 04:40:43 stream opened
2019/01/31 04:40:43 stream opened
2019/01/31 04:40:45 stream closed
2019/01/31 04:40:52 stream closed
2019/01/31 04:41:25 stream opened
2019/01/31 04:41:42 stream closed
2019/01/31 04:42:57 stream opened
2019/01/31 04:42:58 stream opened
2019/01/31 04:42:58 stream opened
2019/01/31 04:43:08 stream opened
2019/01/31 04:43:25 stream closed
2019/01/31 04:44:01 stream closed
2019/01/31 04:44:01 stream closed
2019/01/31 04:44:07 stream closed
2019/01/31 04:44:13 stream closed
2019/01/31 04:44:14 stream opened
2019/01/31 04:45:25 stream closed
2019/01/31 04:45:44 stream closed
2019/01/31 04:45:44 stream closed
2019/01/31 04:46:36 stream opened
2019/01/31 04:46:37 stream opened
2019/01/31 04:46:46 stream closed
2019/01/31 04:47:05 stream opened
2019/01/31 04:47:09 stream closed
2019/01/31 04:47:10 stream opened
2019/01/31 04:47:10 stream opened
2019/01/31 04:47:10 stream opened
2019/01/31 04:47:12 stream opened
2019/01/31 04:47:12 stream opened
2019/01/31 04:47:12 stream opened
2019/01/31 04:47:12 stream opened
2019/01/31 04:47:20 stream opened
2019/01/31 04:47:34 stream opened
2019/01/31 04:48:10 stream opened
2019/01/31 04:48:12 stream closed
2019/01/31 04:48:13 stream closed
2019/01/31 04:48:13 stream opened
2019/01/31 04:48:13 stream opened
2019/01/31 04:48:15 stream opened
2019/01/31 04:48:15 stream opened
2019/01/31 04:48:15 stream opened
2019/01/31 04:48:29 stream opened
2019/01/31 04:48:35 stream closed
2019/01/31 04:48:40 stream closed
2019/01/31 04:48:55 stream opened
2019/01/31 04:48:55 stream opened
2019/01/31 04:49:11 stream closed
2019/01/31 04:49:12 stream opened
2019/01/31 04:49:12 stream opened
2019/01/31 04:49:12 stream opened
2019/01/31 04:49:14 stream closed
2019/01/31 04:49:14 stream opened
2019/01/31 04:49:15 stream closed
2019/01/31 04:50:12 stream closed
2019/01/31 04:50:13 stream closed
2019/01/31 04:50:14 stream closed
2019/01/31 04:50:15 stream closed
2019/01/31 04:50:17 stream closed
2019/01/31 04:50:18 stream closed
2019/01/31 04:50:19 stream closed
2019/01/31 04:51:45 stream closed
2019/01/31 04:51:53 stream closed
2019/01/31 04:51:55 stream closed
2019/01/31 04:52:10 stream closed
2019/01/31 04:52:14 stream closed
2019/01/31 04:52:25 stream opened
2019/01/31 04:52:26 stream opened
2019/01/31 04:52:26 stream opened
2019/01/31 04:52:26 stream opened
2019/01/31 04:52:27 stream opened
2019/01/31 04:52:29 stream closed
2019/01/31 04:53:17 stream closed
2019/01/31 04:53:17 stream closed
2019/01/31 04:53:19 stream closed
2019/01/31 04:53:19 stream opened
2019/01/31 04:53:19 stream opened
2019/01/31 04:54:00 stream opened
2019/01/31 04:54:00 stream opened
2019/01/31 04:54:00 stream opened
2019/01/31 04:54:00 stream opened
2019/01/31 04:54:00 stream opened
2019/01/31 04:54:07 stream closed
2019/01/31 04:54:07 stream opened
2019/01/31 04:54:11 stream opened
2019/01/31 04:54:16 stream closed
2019/01/31 04:54:17 stream opened
2019/01/31 04:54:26 stream opened
2019/01/31 04:54:27 stream opened
2019/01/31 04:54:27 stream opened
2019/01/31 04:54:28 stream opened
2019/01/31 04:54:33 stream opened
2019/01/31 04:54:33 stream opened
2019/01/31 04:54:34 stream opened
2019/01/31 04:54:39 stream opened
2019/01/31 04:54:56 stream opened
2019/01/31 04:54:56 stream opened
2019/01/31 04:54:56 stream opened
2019/01/31 04:54:56 stream opened
2019/01/31 04:54:56 stream opened
2019/01/31 04:54:56 stream opened
2019/01/31 04:54:56 stream opened
2019/01/31 04:54:57 stream opened
2019/01/31 04:55:01 stream closed
2019/01/31 04:55:01 stream closed
2019/01/31 04:55:01 stream closed
2019/01/31 04:55:02 stream closed
2019/01/31 04:55:02 stream closed
2019/01/31 04:55:22 stream closed
2019/01/31 04:55:26 stream opened
2019/01/31 04:55:56 stream closed
2019/01/31 04:55:56 stream closed
2019/01/31 04:55:57 stream closed
2019/01/31 04:55:57 stream closed
2019/01/31 04:56:02 stream closed
2019/01/31 04:57:43 stream closed
2019/01/31 04:57:43 stream opened
2019/01/31 04:57:43 stream opened
2019/01/31 04:57:51 stream closed
2019/01/31 04:58:04 stream opened
2019/01/31 04:58:27 stream closed
2019/01/31 04:58:27 stream closed
2019/01/31 04:58:33 stream closed
2019/01/31 04:58:34 stream closed
2019/01/31 04:58:38 stream opened
2019/01/31 04:58:51 stream opened
2019/01/31 04:58:56 stream closed
2019/01/31 04:59:20 stream closed
2019/01/31 04:59:20 stream opened
2019/01/31 04:59:44 stream opened
2019/01/31 04:59:57 stream closed
2019/01/31 04:59:57 stream closed
2019/01/31 04:59:57 stream closed
2019/01/31 04:59:57 stream closed
2019/01/31 04:59:57 stream closed
2019/01/31 04:59:57 stream closed
2019/01/31 04:59:57 stream closed
2019/01/31 04:59:57 stream closed
2019/01/31 05:01:43 stream closed
2019/01/31 05:01:44 stream closed
2019/01/31 05:01:51 stream closed
2019/01/31 05:01:52 stream closed
2019/01/31 05:02:04 stream closed
2019/01/31 05:02:04 stream closed
2019/01/31 05:02:15 stream closed
2019/01/31 05:02:39 stream closed
2019/01/31 05:02:52 stream closed
2019/01/31 05:03:14 stream opened
2019/01/31 05:03:17 stream opened
2019/01/31 05:04:08 stream closed
2019/01/31 05:04:22 stream closed
2019/01/31 05:04:23 stream opened
2019/01/31 05:04:24 stream opened
2019/01/31 05:05:14 stream closed
2019/01/31 05:06:00 stream opened
2019/01/31 05:06:00 stream opened
2019/01/31 05:06:00 stream opened
2019/01/31 05:06:01 stream opened
2019/01/31 05:06:09 stream opened
2019/01/31 05:06:27 stream closed
2019/01/31 05:06:27 stream opened
2019/01/31 05:06:52 stream opened
2019/01/31 05:08:23 stream closed
2019/01/31 05:08:24 stream closed
2019/01/31 05:08:24 stream opened
2019/01/31 05:09:25 stream closed
2019/01/31 05:09:25 stream opened
2019/01/31 05:10:41 broken pipe
2019/01/31 05:10:41 stream closed
2019/01/31 05:10:41 stream closed
2019/01/31 05:10:41 stream closed
2019/01/31 05:10:41 stream closed
2019/01/31 05:10:41 stream closed
2019/01/31 05:10:41 stream closed
2019/01/31 05:10:41 stream closed
2019/01/31 05:10:41 stream closed
2019/01/31 05:10:41 stream closed
2019/01/31 05:10:41 stream closed
2019/01/31 05:10:41 stream closed
2019/01/31 05:10:41 stream closed
2019/01/31 05:10:41 stream closed
2019/01/31 05:10:42 broken pipe
2019/01/31 05:41:21 remote address: 140.207.236.81:24292
2019/01/31 05:41:24 remote address: 140.207.236.81:42001
2019/01/31 05:41:51 broken pipe
2019/01/31 05:41:54 broken pipe
2019/01/31 07:41:33 remote address: 140.207.236.81:21269
2019/01/31 07:41:34 remote address: 140.207.236.81:21284
2019/01/31 07:41:43 remote address: 140.207.236.81:32060
2019/01/31 07:41:43 stream opened
2019/01/31 07:41:43 stream opened
2019/01/31 07:41:44 stream closed
2019/01/31 07:42:03 broken pipe
2019/01/31 07:42:04 broken pipe
2019/01/31 07:42:43 broken pipe
2019/01/31 07:42:43 stream closed
2019/01/31 09:41:53 remote address: 140.207.236.81:45750
2019/01/31 09:42:23 broken pipe
2019/01/31 11:42:03 remote address: 140.207.236.81:45058
2019/01/31 11:42:33 broken pipe
2019/01/31 11:45:07 remote address: 140.207.236.81:16930
2019/01/31 11:45:37 broken pipe
2019/01/31 17:10:59 remote address: 140.207.236.81:33222
2019/01/31 17:10:59 stream opened
2019/01/31 17:10:59 stream opened
2019/01/31 17:11:00 stream closed
2019/01/31 17:11:01 stream opened
2019/01/31 17:11:01 stream opened
2019/01/31 17:11:15 stream closed
2019/01/31 17:11:59 broken pipe
2019/01/31 17:11:59 stream closed
2019/01/31 17:11:59 stream closed
2019/01/31 19:00:09 remote address: 140.207.236.81:40065
2019/01/31 19:00:39 broken pipe
2019/01/31 20:31:37 version: 20190109
2019/01/31 20:31:37 initiating key derivation
2019/01/31 20:31:37 version: 20190109
2019/01/31 20:31:37 initiating key derivation
2019/01/31 20:31:37 listening on: [::]:29901
2019/01/31 20:31:37 target: 127.0.0.1:9527
2019/01/31 20:31:37 encryption: none
2019/01/31 20:31:37 nodelay parameters: 0 30 2 1
2019/01/31 20:31:37 sndwnd: 512 rcvwnd: 512
2019/01/31 20:31:37 compression: true
2019/01/31 20:31:37 mtu: 1350
2019/01/31 20:31:37 datashard: 10 parityshard: 3
2019/01/31 20:31:37 acknodelay: false
2019/01/31 20:31:37 dscp: 0
2019/01/31 20:31:37 sockbuf: 4194304
2019/01/31 20:31:37 keepalive: 10
2019/01/31 20:31:37 snmplog: 
2019/01/31 20:31:37 snmpperiod: 60
2019/01/31 20:31:37 pprof: false
2019/01/31 20:31:37 quiet: false
2019/01/31 20:31:37 listening on: [::]:29900
2019/01/31 20:31:37 target: 127.0.0.1:23333
2019/01/31 20:31:37 encryption: none
2019/01/31 20:31:37 nodelay parameters: 0 30 2 1
2019/01/31 20:31:37 sndwnd: 512 rcvwnd: 512
2019/01/31 20:31:37 compression: true
2019/01/31 20:31:37 mtu: 1350
2019/01/31 20:31:37 datashard: 10 parityshard: 3
2019/01/31 20:31:37 acknodelay: false
2019/01/31 20:31:37 dscp: 0
2019/01/31 20:31:37 sockbuf: 4194304
2019/01/31 20:31:37 keepalive: 10
2019/01/31 20:31:37 snmplog: 
2019/01/31 20:31:37 snmpperiod: 60
2019/01/31 20:31:37 pprof: false
2019/01/31 20:31:37 quiet: false
2019/01/31 20:31:48 remote address: 116.233.105.229:57217
2019/01/31 20:31:48 stream opened
2019/01/31 20:32:19 remote address: 116.233.105.229:58732
2019/01/31 20:32:19 stream opened
2019/01/31 20:32:19 stream opened
2019/01/31 20:32:19 stream opened
2019/01/31 20:32:20 stream opened
2019/01/31 20:32:20 stream opened
2019/01/31 20:32:20 stream opened
2019/01/31 20:32:20 stream opened
2019/01/31 20:32:20 stream opened
2019/01/31 20:32:20 stream opened
2019/01/31 20:32:20 stream opened
2019/01/31 20:32:21 stream opened
2019/01/31 20:32:22 stream opened
2019/01/31 20:33:18 broken pipe
2019/01/31 20:33:18 stream closed
2019/01/31 20:33:19 broken pipe
2019/01/31 20:33:19 stream closed
2019/01/31 20:33:19 stream closed
2019/01/31 20:33:19 stream closed
2019/01/31 20:33:19 stream closed
2019/01/31 20:33:19 stream closed
2019/01/31 20:33:19 stream closed
2019/01/31 20:33:19 stream closed
2019/01/31 20:33:19 stream closed
2019/01/31 20:33:19 stream closed
2019/01/31 20:33:19 stream closed
2019/01/31 20:33:19 stream closed
2019/01/31 20:33:19 stream closed
2019/01/31 20:51:50 version: 20190109
2019/01/31 20:51:50 initiating key derivation
2019/01/31 20:51:50 version: 20190109
2019/01/31 20:51:50 initiating key derivation
2019/01/31 20:51:50 listening on: [::]:29901
2019/01/31 20:51:50 target: 127.0.0.1:9527
2019/01/31 20:51:50 encryption: none
2019/01/31 20:51:50 nodelay parameters: 0 30 2 1
2019/01/31 20:51:50 sndwnd: 512 rcvwnd: 512
2019/01/31 20:51:50 compression: true
2019/01/31 20:51:50 mtu: 1350
2019/01/31 20:51:50 datashard: 10 parityshard: 3
2019/01/31 20:51:50 acknodelay: false
2019/01/31 20:51:50 dscp: 0
2019/01/31 20:51:50 sockbuf: 4194304
2019/01/31 20:51:50 keepalive: 10
2019/01/31 20:51:50 snmplog: 
2019/01/31 20:51:50 snmpperiod: 60
2019/01/31 20:51:50 pprof: false
2019/01/31 20:51:50 quiet: false
2019/01/31 20:51:50 listening on: [::]:29900
2019/01/31 20:51:50 target: 127.0.0.1:23333
2019/01/31 20:51:50 encryption: none
2019/01/31 20:51:50 nodelay parameters: 0 30 2 1
2019/01/31 20:51:50 sndwnd: 512 rcvwnd: 512
2019/01/31 20:51:50 compression: true
2019/01/31 20:51:50 mtu: 1350
2019/01/31 20:51:50 datashard: 10 parityshard: 3
2019/01/31 20:51:50 acknodelay: false
2019/01/31 20:51:50 dscp: 0
2019/01/31 20:51:50 sockbuf: 4194304
2019/01/31 20:51:50 keepalive: 10
2019/01/31 20:51:50 snmplog: 
2019/01/31 20:51:50 snmpperiod: 60
2019/01/31 20:51:50 pprof: false
2019/01/31 20:51:50 quiet: false
2019/01/31 20:52:22 remote address: 116.233.105.229:65135
2019/01/31 20:52:22 stream opened
2019/01/31 20:52:30 stream closed
2019/01/31 20:52:37 remote address: 116.233.105.229:54790
2019/01/31 20:52:37 stream opened
2019/01/31 20:52:38 stream opened
2019/01/31 20:52:38 stream opened
2019/01/31 20:52:38 stream opened
2019/01/31 20:52:38 stream opened
2019/01/31 20:52:38 stream opened
2019/01/31 20:52:38 stream opened
2019/01/31 20:52:39 stream opened
2019/01/31 20:53:40 stream opened
2019/01/31 20:53:55 stream opened
2019/01/31 20:56:38 stream closed
2019/01/31 20:56:38 stream closed
2019/01/31 20:56:39 stream closed
2019/01/31 20:56:39 stream closed
2019/01/31 20:56:39 stream closed
2019/01/31 20:56:39 stream closed
2019/01/31 20:56:40 stream closed
2019/01/31 20:57:06 stream closed
2019/01/31 20:57:07 stream opened
2019/01/31 20:57:40 stream closed
2019/01/31 20:59:40 stream opened
2019/01/31 20:59:41 stream opened
2019/01/31 21:01:35 stream closed
2019/01/31 21:02:15 stream closed
2019/01/31 21:02:16 stream opened
2019/01/31 21:02:18 stream opened
2019/01/31 21:03:06 stream opened
2019/01/31 21:03:13 stream opened
2019/01/31 21:03:13 stream opened
2019/01/31 21:03:14 stream opened
2019/01/31 21:03:16 stream opened
2019/01/31 21:03:16 stream opened
2019/01/31 21:03:17 stream opened
2019/01/31 21:03:20 stream opened
2019/01/31 21:03:41 stream closed
2019/01/31 21:03:43 stream closed
2019/01/31 21:06:19 stream closed
2019/01/31 21:07:13 stream closed
2019/01/31 21:07:15 stream closed
2019/01/31 21:07:15 stream closed
2019/01/31 21:07:16 stream closed
2019/01/31 21:07:16 stream closed
2019/01/31 21:07:16 stream closed
2019/01/31 21:07:18 stream closed
2019/01/31 21:07:21 stream closed
2019/01/31 21:07:21 stream closed
2019/01/31 21:07:21 stream opened
2019/01/31 21:07:45 stream opened
2019/01/31 21:07:45 stream closed
2019/01/31 21:07:46 stream opened
2019/01/31 21:07:47 stream closed
2019/01/31 21:07:47 stream opened
2019/01/31 21:07:49 stream closed
2019/01/31 21:08:06 stream opened
2019/01/31 21:08:19 stream opened
2019/01/31 21:08:21 stream opened
2019/01/31 21:09:42 stream opened
2019/01/31 21:10:55 version: 20190109
2019/01/31 21:10:55 initiating key derivation
2019/01/31 21:10:55 version: 20190109
2019/01/31 21:10:55 initiating key derivation
2019/01/31 21:10:55 listening on: [::]:29900
2019/01/31 21:10:55 target: 127.0.0.1:23333
2019/01/31 21:10:55 encryption: none
2019/01/31 21:10:55 nodelay parameters: 0 30 2 1
2019/01/31 21:10:55 sndwnd: 512 rcvwnd: 512
2019/01/31 21:10:55 compression: true
2019/01/31 21:10:55 mtu: 1350
2019/01/31 21:10:55 datashard: 10 parityshard: 3
2019/01/31 21:10:55 acknodelay: false
2019/01/31 21:10:55 dscp: 0
2019/01/31 21:10:55 sockbuf: 4194304
2019/01/31 21:10:55 keepalive: 10
2019/01/31 21:10:55 snmplog: 
2019/01/31 21:10:55 snmpperiod: 60
2019/01/31 21:10:55 pprof: false
2019/01/31 21:10:55 quiet: false
2019/01/31 21:10:55 listening on: [::]:29901
2019/01/31 21:10:55 target: 127.0.0.1:9527
2019/01/31 21:10:55 encryption: none
2019/01/31 21:10:55 nodelay parameters: 0 30 2 1
2019/01/31 21:10:55 sndwnd: 512 rcvwnd: 512
2019/01/31 21:10:55 compression: true
2019/01/31 21:10:55 mtu: 1350
2019/01/31 21:10:55 datashard: 10 parityshard: 3
2019/01/31 21:10:55 acknodelay: false
2019/01/31 21:10:55 dscp: 0
2019/01/31 21:10:55 sockbuf: 4194304
2019/01/31 21:10:55 keepalive: 10
2019/01/31 21:10:55 snmplog: 
2019/01/31 21:10:55 snmpperiod: 60
2019/01/31 21:10:55 pprof: false
2019/01/31 21:10:55 quiet: false
2019/01/31 21:10:57 remote address: 116.233.105.229:54790
2019/01/31 21:11:02 remote address: 116.233.105.229:65135
2019/01/31 21:11:27 broken pipe
2019/01/31 21:11:32 broken pipe
2019/01/31 21:11:37 remote address: 116.233.105.229:59604
2019/01/31 21:11:37 stream opened
2019/01/31 21:11:37 stream opened
2019/01/31 21:11:37 stream opened
2019/01/31 21:11:37 stream opened
2019/01/31 21:11:38 stream closed
2019/01/31 21:11:38 stream opened
2019/01/31 21:11:38 stream closed
2019/01/31 21:11:39 stream opened
2019/01/31 21:11:46 stream opened
2019/01/31 21:11:46 stream opened
2019/01/31 21:11:54 stream opened
2019/01/31 21:12:03 stream opened
2019/01/31 21:12:08 stream closed
2019/01/31 21:12:08 stream closed
2019/01/31 21:12:08 stream opened
2019/01/31 21:12:08 stream opened
2019/01/31 21:12:09 stream opened
2019/01/31 21:12:52 stream closed
2019/01/31 21:12:52 stream closed
2019/01/31 21:12:52 stream opened
2019/01/31 21:14:59 stream opened
2019/01/31 21:14:59 stream opened
2019/01/31 21:14:59 stream opened
2019/01/31 21:15:00 stream opened
2019/01/31 21:15:02 stream opened
2019/01/31 21:15:03 stream opened
2019/01/31 21:15:03 stream opened
2019/01/31 21:15:03 stream opened
2019/01/31 21:15:03 stream opened
2019/01/31 21:15:03 stream opened
2019/01/31 21:15:05 stream opened
2019/01/31 21:15:05 stream opened
2019/01/31 21:15:05 stream opened
2019/01/31 21:15:05 stream opened
2019/01/31 21:15:05 stream opened
2019/01/31 21:15:05 stream opened
2019/01/31 21:15:05 stream opened
2019/01/31 21:15:05 stream opened
2019/01/31 21:15:05 stream opened
2019/01/31 21:15:09 stream closed
2019/01/31 21:15:09 stream closed
2019/01/31 21:15:10 stream opened
2019/01/31 21:15:10 stream opened
2019/01/31 21:15:10 stream opened
2019/01/31 21:15:37 stream closed
2019/01/31 21:15:54 stream closed
2019/01/31 21:15:55 stream closed
2019/01/31 21:16:04 stream closed
2019/01/31 21:16:09 stream closed
2019/01/31 21:16:10 stream closed
2019/01/31 21:16:10 stream closed
2019/01/31 21:16:10 stream closed
2019/01/31 21:16:10 stream closed
2019/01/31 21:16:10 stream closed
2019/01/31 21:16:10 stream closed
2019/01/31 21:16:15 stream closed
2019/01/31 21:16:33 stream closed
2019/01/31 21:16:33 stream opened
2019/01/31 21:16:37 stream opened
2019/01/31 21:16:37 stream closed
2019/01/31 21:16:37 stream opened
